2017/08/25 07:24:22 Bot Parser is starting...
2017/08/25 07:24:25 
2017/08/26 20:28:00 Bot Parser is starting...
2017/08/26 20:28:03 
2017/08/26 20:45:40 Bot Parser is starting...
2017/08/26 20:47:01 Bot Parser is starting...
2017/08/26 20:47:03 Stopped Manualy
2017/08/26 20:48:16 Bot Parser is starting...
2017/08/26 20:48:18 Stopped Manualy
2017/08/26 20:52:40 Bot Parser is starting...
2017/08/26 20:52:42 Stopped Manualy
2017/08/26 21:04:11 Bot Parser is starting...
2017/08/26 21:04:11 Stopped Manualy
2017/08/26 21:04:38 Bot Parser is starting...
2017/08/26 21:04:38 Stopped Manualy
2017/08/26 21:04:51 Bot Parser is starting...
2017/08/26 21:04:51 Starting update for new urls
2017/08/26 21:04:51 Starting update for hot urls
2017/08/26 21:04:51 Starting update for random urls
2017/08/26 21:04:53 Updated 0, new url(s)
2017/08/26 21:04:53 json: cannot unmarshal array into Go value of type reddit.SubRedditResponse
2017/08/26 21:04:53 Updated 0, random url(s)
2017/08/26 21:04:53 Updated 0, hot url(s)
2017/08/26 21:04:56 Stopped Manualy
2017/08/26 21:07:58 Bot Parser is starting...
2017/08/26 21:07:58 Starting update for new urls
2017/08/26 21:07:58 Starting update for hot urls
2017/08/26 21:07:58 Starting update for random urls
2017/08/26 21:08:00 json: cannot unmarshal array into Go value of type reddit.SubRedditResponse
2017/08/26 21:08:00 Updated 0, random url(s)
2017/08/26 21:08:00 Updated 0, new url(s)
2017/08/26 21:08:01 Updated 0, hot url(s)
2017/08/26 21:08:03 Stopped Manualy
2017/08/26 21:08:20 Bot Parser is starting...
2017/08/26 21:08:20 Starting update for new urls
2017/08/26 21:08:20 Starting update for hot urls
2017/08/26 21:08:20 Starting update for random urls
2017/08/26 21:08:22 json: cannot unmarshal array into Go value of type reddit.SubRedditResponse
2017/08/26 21:08:22 Updated 0, random url(s)
2017/08/26 21:08:22 Updated 0, hot url(s)
2017/08/26 21:08:22 Updated 0, new url(s)
2017/08/26 21:08:25 Stopped Manualy
2017/08/26 21:08:45 Bot Parser is starting...
2017/08/26 21:08:45 Starting update for new urls
2017/08/26 21:08:45 Starting update for hot urls
2017/08/26 21:08:48 Updated 0, hot url(s)
2017/08/26 21:08:48 Updated 0, new url(s)
2017/08/26 21:08:50 Stopped Manualy
2017/08/26 21:08:59 Bot Parser is starting...
2017/08/26 21:08:59 Starting update for random urls
2017/08/26 21:09:00 json: cannot unmarshal array into Go value of type reddit.SubRedditResponse
2017/08/26 21:09:00 Updated 0, random url(s)
2017/08/26 21:09:04 Stopped Manualy
2017/08/26 21:12:30 Bot Parser is starting...
2017/08/26 21:12:30 Starting update for new urls
2017/08/26 21:12:30 Starting update for hot urls
2017/08/26 21:12:30 Starting update for top urls
2017/08/26 21:12:32 Updated 0, top url(s)
2017/08/26 21:12:32 Updated 0, new url(s)
2017/08/26 21:12:33 Updated 0, hot url(s)
2017/08/26 21:12:35 Stopped Manualy
2017/08/26 21:21:08 Bot Parser is starting...
2017/08/26 21:21:08 Starting update for new urls
2017/08/26 21:21:10 Updated 0, new url(s)
2017/08/26 21:21:13 Stopped Manualy
2017/08/26 21:21:41 Bot Parser is starting...
2017/08/26 21:21:41 Starting update for new urls
2017/08/26 21:21:41 Starting update for hot urls
2017/08/26 21:21:41 Starting update for top urls
2017/08/26 21:21:43 Updated 0, top url(s)
2017/08/26 21:21:43 Updated 0, new url(s)
2017/08/26 21:21:43 Updated 0, hot url(s)
2017/08/26 21:21:46 Stopped Manualy
2017/08/26 22:04:59 Bot Parser is starting...
2017/08/26 22:04:59 Starting update for new urls
2017/08/26 22:04:59 Starting update for hot urls
2017/08/26 22:04:59 Starting update for top urls
2017/08/26 22:05:38 Bot Parser is starting...
2017/08/26 22:05:38 Starting update for new urls
2017/08/26 22:05:38 Starting update for hot urls
2017/08/26 22:05:38 Starting update for top urls
2017/08/26 22:06:21 Bot Parser is starting...
2017/08/26 22:06:21 Starting update for new urls
2017/08/26 22:06:21 Starting update for hot urls
2017/08/26 22:06:21 Starting update for top urls
2017/08/26 22:07:04 Bot Parser is starting...
2017/08/26 22:07:04 Starting update for hot urls
2017/08/26 22:07:04 Starting update for new urls
2017/08/26 22:07:04 Starting update for top urls
2017/08/26 22:10:23 Bot Parser is starting...
2017/08/26 22:10:23 Starting update for hot urls
2017/08/26 22:10:23 Starting update for new urls
2017/08/26 22:10:23 Starting update for top urls
2017/08/26 22:10:37 Bot Parser is starting...
2017/08/26 22:10:37 Starting update for hot urls
2017/08/26 22:10:37 Starting update for new urls
2017/08/26 22:10:37 Starting update for top urls
2017/08/26 22:10:54 Bot Parser is starting...
2017/08/26 22:10:54 Starting update for new urls
2017/08/26 22:10:54 Starting update for hot urls
2017/08/26 22:10:54 Starting update for top urls
2017/08/26 22:12:03 Bot Parser is starting...
2017/08/26 22:12:03 Starting update for new urls
2017/08/26 22:12:03 Starting update for hot urls
2017/08/26 22:12:03 Starting update for top urls
2017/08/26 22:12:30 Bot Parser is starting...
2017/08/26 22:12:30 Starting update for hot urls
2017/08/26 22:12:30 Starting update for new urls
2017/08/26 22:12:30 Starting update for top urls
2017/08/26 22:12:57 Bot Parser is starting...
2017/08/26 22:12:57 Starting update for new urls
2017/08/26 22:12:57 Starting update for hot urls
2017/08/26 22:12:57 Starting update for top urls
2017/08/26 22:13:27 Bot Parser is starting...
2017/08/26 22:13:27 Starting update for hot urls
2017/08/26 22:13:27 Starting update for new urls
2017/08/26 22:13:27 Starting update for top urls
2017/08/26 22:13:49 Bot Parser is starting...
2017/08/26 22:13:49 Starting update for new urls
2017/08/26 22:13:49 Starting update for hot urls
2017/08/26 22:13:49 Starting update for top urls
2017/08/26 22:22:57 Bot Parser is starting...
2017/08/26 22:22:57 Starting update for new urls
2017/08/26 22:22:57 Starting update for top urls
2017/08/26 22:22:57 Starting update for hot urls
2017/08/26 22:24:22 Bot Parser is starting...
2017/08/26 22:24:22 Starting update for new urls
2017/08/26 22:24:22 Starting update for hot urls
2017/08/26 22:24:22 Starting update for top urls
2017/08/26 22:25:23 Bot Parser is starting...
2017/08/26 22:25:23 Starting update for new urls
2017/08/26 22:25:43 Bot Parser is starting...
2017/08/26 22:25:43 Starting update for new urls
2017/08/26 22:25:59 Bot Parser is starting...
2017/08/26 22:25:59 Starting update for new urls
2017/08/26 22:26:59 Bot Parser is starting...
2017/08/26 22:26:59 Starting update for new urls
2017/08/26 22:27:24 Bot Parser is starting...
2017/08/26 22:27:24 Starting update for new urls
2017/08/26 22:28:13 Bot Parser is starting...
2017/08/26 22:28:13 Starting update for new urls
2017/08/26 22:29:32 Bot Parser is starting...
2017/08/26 22:29:32 Starting update for new urls
2017/08/26 22:31:16 Bot Parser is starting...
2017/08/26 22:31:16 Starting update for new urls
2017/08/26 22:33:30 Bot Parser is starting...
2017/08/26 22:33:30 Starting update for new urls
2017/08/26 22:34:07 Bot Parser is starting...
2017/08/26 22:34:07 Starting update for new urls
2017/08/26 22:35:41 Bot Parser is starting...
2017/08/26 22:35:41 Starting update for new urls
2017/08/26 22:36:25 Bot Parser is starting...
2017/08/26 22:36:25 Starting update for new urls
2017/08/26 23:18:44 Bot Parser is starting...
2017/08/26 23:18:44 Starting update for new urls
2017/08/26 23:18:49 Stopped Manualy
2017/08/26 23:19:55 Bot Parser is starting...
2017/08/26 23:19:55 Starting update for new urls
2017/08/26 23:20:00 Stopped Manualy
2017/08/26 23:20:51 Bot Parser is starting...
2017/08/26 23:20:51 Starting update for new urls
2017/08/26 23:20:56 Stopped Manualy
2017/08/26 23:21:26 Bot Parser is starting...
2017/08/26 23:21:26 Starting update for new urls
2017/08/26 23:21:31 Stopped Manualy
2017/08/26 23:22:08 Bot Parser is starting...
2017/08/26 23:22:08 Starting update for new urls
2017/08/26 23:22:13 Stopped Manualy
2017/08/26 23:23:54 Bot Parser is starting...
2017/08/26 23:23:54 Starting update for new urls
2017/08/26 23:24:04 Stopped Manualy
2017/08/26 23:25:01 Bot Parser is starting...
2017/08/26 23:25:01 Starting update for new urls
2017/08/26 23:25:14 Bot Parser is starting...
2017/08/26 23:25:14 Starting update for new urls
2017/08/26 23:26:15 Bot Parser is starting...
2017/08/26 23:26:15 Starting update for new urls
2017/08/26 23:27:51 Bot Parser is starting...
2017/08/26 23:27:51 Starting update for new urls
2017/08/26 23:30:26 Bot Parser is starting...
2017/08/26 23:30:26 Starting update for new urls
2017/08/26 23:30:56 Bot Parser is starting...
2017/08/26 23:30:56 Starting update for new urls
2017/08/26 23:31:06 Stopped Manualy
2017/08/26 23:31:37 Bot Parser is starting...
2017/08/26 23:31:37 Starting update for new urls
2017/08/26 23:31:47 Stopped Manualy
2017/08/26 23:32:00 Bot Parser is starting...
2017/08/26 23:32:00 Starting update for new urls
2017/08/26 23:32:34 Bot Parser is starting...
2017/08/26 23:32:34 Starting update for new urls
2017/08/26 23:35:37 Bot Parser is starting...
2017/08/26 23:35:37 Starting update for new urls
2017/08/26 23:35:49 Bot Parser is starting...
2017/08/26 23:35:49 Starting update for new urls
2017/08/26 23:36:05 Bot Parser is starting...
2017/08/26 23:36:05 Starting update for new urls
2017/08/26 23:38:18 Bot Parser is starting...
2017/08/26 23:38:18 Starting update for new urls
2017/08/26 23:38:28 Bot Parser is starting...
2017/08/26 23:38:28 Starting update for new urls
2017/08/26 23:39:16 Bot Parser is starting...
2017/08/26 23:39:16 Starting update for new urls
2017/08/26 23:39:26 Stopped Manualy
2017/08/26 23:40:35 Bot Parser is starting...
2017/08/26 23:40:35 Starting update for new urls
2017/08/26 23:41:01 Bot Parser is starting...
2017/08/26 23:41:01 Starting update for new urls
2017/08/26 23:41:41 Bot Parser is starting...
2017/08/26 23:41:41 Starting update for new urls
2017/08/26 23:41:55 Bot Parser is starting...
2017/08/26 23:41:55 Starting update for new urls
2017/08/26 23:42:05 Stopped Manualy
2017/08/26 23:42:52 Bot Parser is starting...
2017/08/26 23:42:52 Starting update for new urls
2017/08/26 23:43:35 Bot Parser is starting...
2017/08/26 23:43:35 Starting update for new urls
2017/08/26 23:43:45 Stopped Manualy
2017/08/26 23:43:50 Bot Parser is starting...
2017/08/26 23:43:50 Starting update for new urls
2017/08/26 23:44:06 Bot Parser is starting...
2017/08/26 23:44:06 Starting update for new urls
2017/08/26 23:50:42 Bot Parser is starting...
2017/08/26 23:50:42 Starting update for new urls
2017/08/26 23:50:52 Stopped Manualy
2017/08/26 23:52:03 Bot Parser is starting...
2017/08/26 23:52:03 Starting update for new urls
2017/08/26 23:52:57 Bot Parser is starting...
2017/08/26 23:52:57 Starting update for new urls
2017/08/26 23:53:07 Stopped Manualy
2017/08/26 23:53:10 Bot Parser is starting...
2017/08/26 23:53:10 Starting update for new urls
2017/08/26 23:53:20 Stopped Manualy
2017/08/26 23:53:36 Bot Parser is starting...
2017/08/26 23:53:36 Starting update for new urls
2017/08/26 23:54:16 Bot Parser is starting...
2017/08/26 23:54:16 Starting update for new urls
2017/08/26 23:54:26 Stopped Manualy
2017/08/26 23:55:09 Bot Parser is starting...
2017/08/26 23:55:09 Starting update for new urls
2017/08/26 23:56:23 Bot Parser is starting...
2017/08/26 23:56:23 Starting update for new urls
2017/08/26 23:56:46 Bot Parser is starting...
2017/08/26 23:56:46 Starting update for new urls
2017/08/26 23:56:56 Stopped Manualy
2017/08/26 23:57:50 Bot Parser is starting...
2017/08/26 23:57:50 Starting update for new urls
2017/08/26 23:58:36 Bot Parser is starting...
2017/08/26 23:58:36 Starting update for new urls
2017/08/26 23:58:46 Stopped Manualy
2017/08/26 23:59:14 Bot Parser is starting...
2017/08/26 23:59:14 Starting update for new urls
2017/08/26 23:59:39 Bot Parser is starting...
2017/08/26 23:59:39 Starting update for new urls
2017/08/26 23:59:49 Stopped Manualy
2017/08/27 00:00:23 Bot Parser is starting...
2017/08/27 00:00:23 Starting update for new urls
2017/08/27 00:00:41 Bot Parser is starting...
2017/08/27 00:00:41 Starting update for new urls
2017/08/27 00:00:51 Stopped Manualy
2017/08/27 00:01:13 Bot Parser is starting...
2017/08/27 00:01:13 Starting update for new urls
2017/08/27 00:03:11 Bot Parser is starting...
2017/08/27 00:03:11 Starting update for new urls
2017/08/27 00:03:21 Stopped Manualy
2017/08/27 00:03:48 Bot Parser is starting...
2017/08/27 00:03:48 Starting update for new urls
2017/08/27 00:03:58 Stopped Manualy
2017/08/27 00:04:05 Bot Parser is starting...
2017/08/27 00:04:05 Starting update for new urls
2017/08/27 00:04:15 Stopped Manualy
2017/08/27 00:04:36 Bot Parser is starting...
2017/08/27 00:04:36 Starting update for new urls
2017/08/27 00:05:44 Bot Parser is starting...
2017/08/27 00:05:44 Starting update for new urls
2017/08/27 00:12:10 Bot Parser is starting...
2017/08/27 00:12:10 Starting update for new urls
2017/08/27 00:12:28 Bot Parser is starting...
2017/08/27 00:12:28 Starting update for new urls
2017/08/27 00:13:14 Bot Parser is starting...
2017/08/27 00:13:14 Starting update for new urls
2017/08/27 00:14:46 Bot Parser is starting...
2017/08/27 00:14:46 Starting update for new urls
2017/08/27 00:15:15 Bot Parser is starting...
2017/08/27 00:15:15 Starting update for new urls
2017/08/27 00:16:05 Bot Parser is starting...
2017/08/27 00:16:05 Starting update for new urls
2017/08/27 00:17:23 Bot Parser is starting...
2017/08/27 00:17:23 Starting update for new urls
2017/08/27 00:18:24 Bot Parser is starting...
2017/08/27 00:18:24 Starting update for new urls
2017/08/27 00:19:10 Bot Parser is starting...
2017/08/27 00:19:10 Starting update for new urls
2017/08/27 00:19:28 Bot Parser is starting...
2017/08/27 00:19:28 Starting update for new urls
2017/08/27 00:19:52 Bot Parser is starting...
2017/08/27 00:19:52 Starting update for new urls
2017/08/27 00:20:09 Bot Parser is starting...
2017/08/27 00:20:09 Starting update for new urls
2017/08/27 00:20:26 Bot Parser is starting...
2017/08/27 00:20:26 Starting update for new urls
2017/08/27 00:20:57 Bot Parser is starting...
2017/08/27 00:20:57 Starting update for new urls
2017/08/27 00:22:03 Bot Parser is starting...
2017/08/27 00:22:03 Starting update for new urls
2017/08/27 00:22:17 Bot Parser is starting...
2017/08/27 00:22:17 Starting update for new urls
2017/08/27 00:27:19 Bot Parser is starting...
2017/08/27 00:27:19 Starting update for new urls
2017/08/27 00:27:43 Bot Parser is starting...
2017/08/27 00:27:43 Starting update for new urls
2017/08/27 00:27:59 Bot Parser is starting...
2017/08/27 00:27:59 Starting update for new urls
2017/08/27 00:28:31 Bot Parser is starting...
2017/08/27 00:28:31 Starting update for new urls
2017/08/27 00:28:50 Bot Parser is starting...
2017/08/27 00:28:50 Starting update for new urls
2017/08/27 00:29:00 Stopped Manualy
2017/08/27 00:29:49 Bot Parser is starting...
2017/08/27 00:29:49 Starting update for new urls
2017/08/27 00:29:59 Stopped Manualy
2017/08/27 00:30:26 Bot Parser is starting...
2017/08/27 00:30:26 Starting update for new urls
2017/08/27 00:30:39 Bot Parser is starting...
2017/08/27 00:30:39 Starting update for new urls
2017/08/27 00:30:54 Bot Parser is starting...
2017/08/27 00:30:54 Starting update for new urls
2017/08/27 00:31:00 Bot Parser is starting...
2017/08/27 00:31:00 Starting update for new urls
2017/08/27 00:36:45 Bot Parser is starting...
2017/08/27 00:36:45 Starting update for new urls
2017/08/27 00:39:48 Bot Parser is starting...
2017/08/27 00:39:48 Starting update for new urls
2017/08/27 00:40:54 Bot Parser is starting...
2017/08/27 00:40:54 Starting update for new urls
2017/08/27 00:41:04 Stopped Manualy
2017/08/27 00:41:35 Bot Parser is starting...
2017/08/27 00:41:35 Starting update for new urls
2017/08/27 00:42:12 Bot Parser is starting...
2017/08/27 00:42:12 Starting update for new urls
2017/08/27 00:43:28 Bot Parser is starting...
2017/08/27 00:43:28 Starting update for new urls
2017/08/27 00:46:10 Bot Parser is starting...
2017/08/27 00:46:10 Starting update for new urls
2017/08/27 00:46:20 Stopped Manualy
2017/08/27 00:46:36 Bot Parser is starting...
2017/08/27 00:46:36 Starting update for new urls
2017/08/27 00:46:46 Stopped Manualy
2017/08/27 08:31:55 Bot Parser is starting...
2017/08/27 08:31:55 Starting update for new urls
2017/08/27 08:33:26 Bot Parser is starting...
2017/08/27 08:33:26 Starting update for new urls
2017/08/27 08:38:26 Bot Parser is starting...
2017/08/27 08:38:26 Starting update for new urls
2017/08/27 08:38:38 Bot Parser is starting...
2017/08/27 08:38:38 Starting update for new urls
2017/08/27 08:39:51 Bot Parser is starting...
2017/08/27 08:39:51 Starting update for new urls
2017/08/27 08:40:01 Stopped Manualy
2017/08/27 08:40:29 Bot Parser is starting...
2017/08/27 08:40:29 Starting update for new urls
2017/08/27 08:41:20 Bot Parser is starting...
2017/08/27 08:41:20 Starting update for new urls
2017/08/27 08:42:42 Bot Parser is starting...
2017/08/27 08:42:42 Starting update for new urls
2017/08/27 08:48:18 Bot Parser is starting...
2017/08/27 08:48:18 Starting update for new urls
2017/08/27 08:48:18 Starting update for hot urls
2017/08/27 08:48:18 Starting update for top urls
2017/08/27 08:48:21 Updated 36, hot url(s)
2017/08/27 08:48:21 Updated 38, new url(s)
2017/08/27 08:48:21 Updated 49, top url(s)
2017/08/27 08:48:28 Stopped Manualy
2017/08/27 08:49:40 Bot Parser is starting...
2017/08/27 08:49:40 Starting update for new urls
2017/08/27 08:49:40 Starting update for hot urls
2017/08/27 08:49:40 Starting update for top urls
2017/08/27 08:49:43 Updated 39 top url(s)
2017/08/27 08:49:43 Updated 42 new url(s)
2017/08/27 08:49:43 Updated 49 hot url(s)
2017/08/27 08:49:50 Stopped Manualy
2017/08/27 08:52:40 -=-=-=-=-=Bot is starting...=-=-=-=-=-
2017/08/27 08:52:40 Starting update for hot urls
2017/08/27 08:52:40 Starting update for new urls
2017/08/27 08:52:40 Starting update for top urls
2017/08/27 08:52:43 Updated 29 hot url(s)
2017/08/27 08:52:43 Updated 32 new url(s)
2017/08/27 08:52:43 Updated 49 top url(s)
2017/08/27 08:52:50 Stopped Manualy
